0 info it worked if it ends with ok
1 verbose cli [ '/Users/sted/.nvm/versions/node/v7.2.1/bin/node',
1 verbose cli   '/Users/sted/.nvm/versions/node/v7.2.1/bin/npm',
1 verbose cli   'run',
1 verbose cli   'eslint',
1 verbose cli   '--',
1 verbose cli   '-f',
1 verbose cli   'compact',
1 verbose cli   'atom/packages/linter-eslint/node_modules/exit-hook/index.js' ]
2 info using npm@3.10.10
3 info using node@v7.2.1
4 verbose stack Error: ENOENT: no such file or directory, open '/Users/sted/dotfiles/package.json'
5 verbose cwd /Users/sted/dotfiles
6 error Darwin 16.3.0
7 error argv "/Users/sted/.nvm/versions/node/v7.2.1/bin/node" "/Users/sted/.nvm/versions/node/v7.2.1/bin/npm" "run" "eslint" "--" "-f" "compact" "atom/packages/linter-eslint/node_modules/exit-hook/index.js"
8 error node v7.2.1
9 error npm  v3.10.10
10 error path /Users/sted/dotfiles/package.json
11 error code ENOENT
12 error errno -2
13 error syscall open
14 error enoent ENOENT: no such file or directory, open '/Users/sted/dotfiles/package.json'
15 error enoent ENOENT: no such file or directory, open '/Users/sted/dotfiles/package.json'
15 error enoent This is most likely not a problem with npm itself
15 error enoent and is related to npm not being able to find a file.
16 verbose exit [ -2, true ]
